# JRE version: OpenJDK Runtime Environment (8.0_222-b10) (build 1.8.0_222-8u222-b10-1ubuntu1~18.04.1-b10)
# Java VM: OpenJDK 64-Bit Server VM (25.222-b10 mixed mode linux-amd64 compressed oops)
Heap:
 garbage-first heap   total 524288K, used 31744K [0x0000000080000000, 0x0000000080101000, 0x0000000100000000)
  region size 1024K, 2 young (2048K), 2 survivors (2048K)
 Metaspace       used 10530K, capacity 10788K, committed 11136K, reserved 1058816K
  class space    used 1204K, capacity 1296K, committed 1408K, reserved 1048576K
GC Heap History (10 events):
Event: 2,587 GC heap after
Heap after GC invocations=7 (full 0):
 garbage-first heap   total 262144K, used 12760K [0x0000000080000000, 0x0000000080100800, 0x0000000100000000)
  region size 1024K, 3 young (3072K), 3 survivors (3072K)
 Metaspace       used 10519K, capacity 10788K, committed 11136K, reserved 1058816K
  class space    used 1204K, capacity 1296K, committed 1408K, reserved 1048576K
}
Event: 2,706 GC heap before
{Heap before GC invocations=7 (full 0):
 garbage-first heap   total 262144K, used 55768K [0x0000000080000000, 0x0000000080100800, 0x0000000100000000)
  region size 1024K, 45 young (46080K), 3 survivors (3072K)
 Metaspace       used 10521K, capacity 10788K, committed 11136K, reserved 1058816K
  class space    used 1204K, capacity 1296K, committed 1408K, reserved 1048576K
Event: 2,719 GC heap after
Heap after GC invocations=8 (full 0):
 garbage-first heap   total 262144K, used 18115K [0x0000000080000000, 0x0000000080100800, 0x0000000100000000)
  region size 1024K, 6 young (6144K), 6 survivors (6144K)
 Metaspace       used 10521K, capacity 10788K, committed 11136K, reserved 1058816K
  class space    used 1204K, capacity 1296K, committed 1408K, reserved 1048576K
}
Event: 2,990 GC heap before
{Heap before GC invocations=8 (full 0):
 garbage-first heap   total 262144K, used 108227K [0x0000000080000000, 0x0000000080100800, 0x0000000100000000)
  region size 1024K, 94 young (96256K), 6 survivors (6144K)
 Metaspace       used 10523K, capacity 10788K, committed 11136K, reserved 1058816K
  class space    used 1204K, capacity 1296K, committed 1408K, reserved 1048576K
Event: 3,018 GC heap after
Heap after GC invocations=9 (full 0):
 garbage-first heap   total 262144K, used 28057K [0x0000000080000000, 0x0000000080100800, 0x0000000100000000)
  region size 1024K, 12 young (12288K), 12 survivors (12288K)
 Metaspace       used 10523K, capacity 10788K, committed 11136K, reserved 1058816K
  class space    used 1204K, capacity 1296K, committed 1408K, reserved 1048576K
}
Event: 3,023 GC heap before
{Heap before GC invocations=9 (full 0):
 garbage-first heap   total 262144K, used 29081K [0x0000000080000000, 0x0000000080100800, 0x0000000100000000)
  region size 1024K, 13 young (13312K), 12 survivors (12288K)
 Metaspace       used 10523K, capacity 10788K, committed 11136K, reserved 1058816K
  class space    used 1204K, capacity 1296K, committed 1408K, reserved 1048576K
Event: 3,079 GC heap after
Heap after GC invocations=10 (full 0):
 garbage-first heap   total 262144K, used 27648K [0x0000000080000000, 0x0000000080100800, 0x0000000100000000)
  region size 1024K, 2 young (2048K), 2 survivors (2048K)
 Metaspace       used 10523K, capacity 10788K, committed 11136K, reserved 1058816K
  class space    used 1204K, capacity 1296K, committed 1408K, reserved 1048576K
}
Event: 3,109 GC heap before
{Heap before GC invocations=10 (full 0):
 garbage-first heap   total 262144K, used 37888K [0x0000000080000000, 0x0000000080100800, 0x0000000100000000)
  region size 1024K, 13 young (13312K), 2 survivors (2048K)
 Metaspace       used 10528K, capacity 10788K, committed 11136K, reserved 1058816K
  class space    used 1204K, capacity 1296K, committed 1408K, reserved 1048576K
Event: 3,118 GC heap after
Heap after GC invocations=11 (full 0):
 garbage-first heap   total 262144K, used 30208K [0x0000000080000000, 0x0000000080100800, 0x0000000100000000)
  region size 1024K, 2 young (2048K), 2 survivors (2048K)
 Metaspace       used 10528K, capacity 10788K, committed 11136K, reserved 1058816K
  class space    used 1204K, capacity 1296K, committed 1408K, reserved 1048576K
}
Event: 3,171 GC heap before
{Heap before GC invocations=11 (full 0):
 garbage-first heap   total 262144K, used 40448K [0x0000000080000000, 0x0000000080100800, 0x0000000100000000)
  region size 1024K, 12 young (12288K), 2 survivors (2048K)
 Metaspace       used 10530K, capacity 10788K, committed 11136K, reserved 1058816K
  class space    used 1204K, capacity 1296K, committed 1408K, reserved 1048576K

